Started by user [8mha:////4LVB0IoCek/ZTd9gT8w5jgZk1s4lSjQV4t8M7C6NbG4DAAAAnB+LCAAAAAAAAP9b85aBtbiIQTGjNKU4P08vOT+vOD8nVc83PyU1x6OyILUoJzMv2y+/JJUBAhiZGBgqihhk0NSjKDWzXb3RdlLBUSYGJk8GtpzUvPSSDB8G5tKinBIGIZ+sxLJE/ZzEvHT94JKizLx0a6BxUmjGOUNodHsLgAw+oBn6pcWpRfrFiZnZmUVAg0pTUgErw5XQxwAAAA==[0mSai Kiran Gude
[Sat Jan 20 14:43:18 IST 2024] Starting branch indexing...
ERROR: [Sat Jan 20 14:43:19 IST 2024] Could not update folder level actions from source 6d4c5be7-2934-4199-8d84-7feba067af92
[Sat Jan 20 14:43:19 IST 2024] Finished branch indexing. Indexing took 0.6 sec
FATAL: Failed to recompute children of Shared-Library-Pipelines » Realtime » Project1
org.kohsuke.github.HttpException: {"message":"Bad credentials","documentation_url":"https://docs.github.com/rest"}
	at org.kohsuke.github.GitHubConnectorResponseErrorHandler$1.onError(GitHubConnectorResponseErrorHandler.java:62)
	at org.kohsuke.github.GitHubClient.detectKnownErrors(GitHubClient.java:504)
	at org.kohsuke.github.GitHubClient.sendRequest(GitHubClient.java:464)
	at org.kohsuke.github.GitHubClient.fetch(GitHubClient.java:159)
	at org.kohsuke.github.GitHubClient.checkApiUrlValidity(GitHubClient.java:390)
Caused: java.io.IOException: GitHub Enterprise server (https://api.github.com) with private mode enabled
	at org.kohsuke.github.GitHubClient.checkApiUrlValidity(GitHubClient.java:394)
	at org.kohsuke.github.GitHub.checkApiUrlValidity(GitHub.java:1321)
	at org.jenkinsci.plugins.github_branch_source.ApiRateLimitChecker.verifyConnection(ApiRateLimitChecker.java:194)
	at org.jenkinsci.plugins.github_branch_source.Connector$GitHubConnection.verifyConnection(Connector.java:723)
	at org.jenkinsci.plugins.github_branch_source.Connector.connect(Connector.java:420)
	at org.jenkinsci.plugins.github_branch_source.GitHubSCMSource.retrieveActions(GitHubSCMSource.java:1957)
	at jenkins.scm.api.SCMSource.fetchActions(SCMSource.java:847)
	at jenkins.branch.MultiBranchProject.computeChildren(MultiBranchProject.java:611)
	at com.cloudbees.hudson.plugins.folder.computed.ComputedFolder.updateChildren(ComputedFolder.java:269)
	at com.cloudbees.hudson.plugins.folder.computed.FolderComputation.run(FolderComputation.java:167)
	at jenkins.branch.MultiBranchProject$BranchIndexing.run(MultiBranchProject.java:1057)
	at hudson.model.ResourceController.execute(ResourceController.java:101)
	at hudson.model.Executor.run(Executor.java:442)
Finished: FAILURE
