Started at Fri Jan 19 20:54:18 IST 2024
Processing Shared-Library-Pipelines/Sample-Pipeline-1
Offering Shared-Library-Pipelines/Sample-Pipeline-1 to Project Build Discarder
Processing Shared-Library-Pipelines/Realtime/Project1/develop
Offering Shared-Library-Pipelines/Realtime/Project1/develop to Project Build Discarder
Processing Sample-Pipelines/Sample-Pipeline-2
Offering Sample-Pipelines/Sample-Pipeline-2 to Project Build Discarder
Processing Sample-Pipelines/Scripted-Pipeline1
Offering Sample-Pipelines/Scripted-Pipeline1 to Project Build Discarder
Processing Docker-Agent-Pipeline/Scripted-Pipeline1
Offering Docker-Agent-Pipeline/Scripted-Pipeline1 to Project Build Discarder
Finished at Fri Jan 19 20:54:18 IST 2024. 8ms
Started at Fri Jan 19 23:56:23 IST 2024
Processing Shared-Library-Pipelines/Sample-Pipeline-1
Offering Shared-Library-Pipelines/Sample-Pipeline-1 to Project Build Discarder
Processing Shared-Library-Pipelines/Realtime/Project1/develop
Offering Shared-Library-Pipelines/Realtime/Project1/develop to Project Build Discarder
Processing Sample-Pipelines/Sample-Pipeline-2
Offering Sample-Pipelines/Sample-Pipeline-2 to Project Build Discarder
Processing Sample-Pipelines/Scripted-Pipeline1
Offering Sample-Pipelines/Scripted-Pipeline1 to Project Build Discarder
Processing Docker-Agent-Pipeline/Scripted-Pipeline1
Offering Docker-Agent-Pipeline/Scripted-Pipeline1 to Project Build Discarder
Finished at Fri Jan 19 23:56:23 IST 2024. 7ms
Started at Fri Jan 19 23:56:23 IST 2024
Processing Shared-Library-Pipelines/Sample-Pipeline-1
Offering Shared-Library-Pipelines/Sample-Pipeline-1 to Project Build Discarder
Processing Shared-Library-Pipelines/Realtime/Project1/develop
Offering Shared-Library-Pipelines/Realtime/Project1/develop to Project Build Discarder
Processing Sample-Pipelines/Sample-Pipeline-2
Offering Sample-Pipelines/Sample-Pipeline-2 to Project Build Discarder
Processing Sample-Pipelines/Scripted-Pipeline1
Offering Sample-Pipelines/Scripted-Pipeline1 to Project Build Discarder
Processing Docker-Agent-Pipeline/Scripted-Pipeline1
Offering Docker-Agent-Pipeline/Scripted-Pipeline1 to Project Build Discarder
Finished at Fri Jan 19 23:56:23 IST 2024. 0ms
Started at Fri Jan 19 23:56:23 IST 2024
Processing Shared-Library-Pipelines/Sample-Pipeline-1
Offering Shared-Library-Pipelines/Sample-Pipeline-1 to Project Build Discarder
Processing Shared-Library-Pipelines/Realtime/Project1/develop
Offering Shared-Library-Pipelines/Realtime/Project1/develop to Project Build Discarder
Processing Sample-Pipelines/Sample-Pipeline-2
Offering Sample-Pipelines/Sample-Pipeline-2 to Project Build Discarder
Processing Sample-Pipelines/Scripted-Pipeline1
Offering Sample-Pipelines/Scripted-Pipeline1 to Project Build Discarder
Processing Docker-Agent-Pipeline/Scripted-Pipeline1
Offering Docker-Agent-Pipeline/Scripted-Pipeline1 to Project Build Discarder
Finished at Fri Jan 19 23:56:23 IST 2024. 0ms
Started at Sat Jan 20 13:13:57 IST 2024
Processing Shared-Library-Pipelines/Sample-Pipeline-1
Offering Shared-Library-Pipelines/Sample-Pipeline-1 to Project Build Discarder
Processing Shared-Library-Pipelines/Realtime/Project1/develop
Offering Shared-Library-Pipelines/Realtime/Project1/develop to Project Build Discarder
Processing Sample-Pipelines/Sample-Pipeline-2
Offering Sample-Pipelines/Sample-Pipeline-2 to Project Build Discarder
Processing Sample-Pipelines/Scripted-Pipeline1
Offering Sample-Pipelines/Scripted-Pipeline1 to Project Build Discarder
Processing Docker-Agent-Pipeline/Scripted-Pipeline1
Offering Docker-Agent-Pipeline/Scripted-Pipeline1 to Project Build Discarder
Finished at Sat Jan 20 13:13:58 IST 2024. 375ms
Started at Sat Jan 20 13:13:58 IST 2024
Processing Shared-Library-Pipelines/Sample-Pipeline-1
Offering Shared-Library-Pipelines/Sample-Pipeline-1 to Project Build Discarder
Processing Shared-Library-Pipelines/Realtime/Project1/develop
Offering Shared-Library-Pipelines/Realtime/Project1/develop to Project Build Discarder
Processing Sample-Pipelines/Sample-Pipeline-2
Offering Sample-Pipelines/Sample-Pipeline-2 to Project Build Discarder
Processing Sample-Pipelines/Scripted-Pipeline1
Offering Sample-Pipelines/Scripted-Pipeline1 to Project Build Discarder
Processing Docker-Agent-Pipeline/Scripted-Pipeline1
Offering Docker-Agent-Pipeline/Scripted-Pipeline1 to Project Build Discarder
Finished at Sat Jan 20 13:13:58 IST 2024. 102ms
Started at Sat Jan 20 13:13:58 IST 2024
Processing Shared-Library-Pipelines/Sample-Pipeline-1
Offering Shared-Library-Pipelines/Sample-Pipeline-1 to Project Build Discarder
Processing Shared-Library-Pipelines/Realtime/Project1/develop
Offering Shared-Library-Pipelines/Realtime/Project1/develop to Project Build Discarder
Processing Sample-Pipelines/Sample-Pipeline-2
Offering Sample-Pipelines/Sample-Pipeline-2 to Project Build Discarder
Processing Sample-Pipelines/Scripted-Pipeline1
Offering Sample-Pipelines/Scripted-Pipeline1 to Project Build Discarder
Processing Docker-Agent-Pipeline/Scripted-Pipeline1
Offering Docker-Agent-Pipeline/Scripted-Pipeline1 to Project Build Discarder
Finished at Sat Jan 20 13:13:58 IST 2024. 2ms
Started at Sat Jan 20 13:13:58 IST 2024
Processing Shared-Library-Pipelines/Sample-Pipeline-1
Offering Shared-Library-Pipelines/Sample-Pipeline-1 to Project Build Discarder
Processing Shared-Library-Pipelines/Realtime/Project1/develop
Offering Shared-Library-Pipelines/Realtime/Project1/develop to Project Build Discarder
Processing Sample-Pipelines/Sample-Pipeline-2
Offering Sample-Pipelines/Sample-Pipeline-2 to Project Build Discarder
Processing Sample-Pipelines/Scripted-Pipeline1
Offering Sample-Pipelines/Scripted-Pipeline1 to Project Build Discarder
Processing Docker-Agent-Pipeline/Scripted-Pipeline1
Offering Docker-Agent-Pipeline/Scripted-Pipeline1 to Project Build Discarder
Finished at Sat Jan 20 13:13:59 IST 2024. 1ms
Started at Sat Jan 20 13:13:59 IST 2024
Processing Shared-Library-Pipelines/Sample-Pipeline-1
Offering Shared-Library-Pipelines/Sample-Pipeline-1 to Project Build Discarder
Processing Shared-Library-Pipelines/Realtime/Project1/develop
Offering Shared-Library-Pipelines/Realtime/Project1/develop to Project Build Discarder
Processing Sample-Pipelines/Sample-Pipeline-2
Offering Sample-Pipelines/Sample-Pipeline-2 to Project Build Discarder
Processing Sample-Pipelines/Scripted-Pipeline1
Offering Sample-Pipelines/Scripted-Pipeline1 to Project Build Discarder
Processing Docker-Agent-Pipeline/Scripted-Pipeline1
Offering Docker-Agent-Pipeline/Scripted-Pipeline1 to Project Build Discarder
Finished at Sat Jan 20 13:13:59 IST 2024. 2ms
